<?xml version="1.0" encoding="UTF-8"?>
<!-- Generated by org.testng.reporters.JUnitXMLReporter -->
<testsuite hostname="DESKTOP-28PMTP4" ignored="0" name="Sanity Test" tests="6" failures="0" timestamp="15 Feb 2019 17:02:14 GMT" time="0.088" errors="0">
  <testcase name="loginByemail" time="0.013" classname="batchTesting.LoginTest"/>
  <testcase name="loginByfacebook" time="0.005" classname="batchTesting.LoginTest"/>
  <testcase name="loginBytwitter" time="0.002" classname="batchTesting.LoginTest"/>
  <testcase name="signupByemail" time="0.003" classname="batchTesting.SignupTest"/>
  <testcase name="signupByfacebook" time="0.005" classname="batchTesting.SignupTest"/>
  <testcase name="signupBytwitter" time="0.006" classname="batchTesting.SignupTest"/>
</testsuite> <!-- Sanity Test -->
