<?xml version="1.0" encoding="UTF-8"?>
<!-- Generated by org.testng.reporters.JUnitXMLReporter -->
<testsuite hostname="DESKTOP-28PMTP4" ignored="1" name="logInTest" tests="2" failures="1" timestamp="15 Feb 2019 18:18:09 GMT" time="0.1" errors="0">
  <testcase name="loginByemail" time="0.016" classname="listenerTest.LoginTest"/>
  <testcase name="loginByfacebook" time="0.006" classname="listenerTest.LoginTest">
    <failure type="java.lang.AssertionError" message="expected [Kumar] but found [Sujit]">
      <![CDATA[java.lang.AssertionError: expected [Kumar] but found [Sujit]
at listenerTest.LoginTest.loginByfacebook(LoginTest.java:20)
... Removed 31 stack frames]]>
    </failure>
  </testcase> <!-- loginByfacebook -->
  <testcase name="loginBytwitter" time="0.0" classname="listenerTest.LoginTest">
    <ignored/>
  </testcase> <!-- loginBytwitter -->
</testsuite> <!-- logInTest -->
