<?xml version="1.0" encoding="UTF-8"?>
<!-- Generated by org.testng.reporters.JUnitXMLReporter -->
<testsuite hostname="DESKTOP-28PMTP4" ignored="0" name="Default test" tests="3" failures="0" timestamp="19 Feb 2019 22:42:43 GMT" time="0.784" errors="0">
  <testcase name="myTest1" time="0.019" classname="extentReportsTest.ExtentReportTesting"/>
  <testcase name="myTest2" time="0.002" classname="extentReportsTest.ExtentReportTesting"/>
  <testcase name="myTest3" time="0.005" classname="extentReportsTest.ExtentReportTesting"/>
</testsuite> <!-- Default test -->
